DEBUG - 2026-02-21 17:14:46 --> Session: Class initialized using 'CodeIgniter\Session\Handlers\FileHandler' driver.
DEBUG - 2026-02-21 17:14:48 --> Session: Class initialized using 'CodeIgniter\Session\Handlers\FileHandler' driver.
DEBUG - 2026-02-21 17:14:53 --> Session: Class initialized using 'CodeIgniter\Session\Handlers\FileHandler' driver.
DEBUG - 2026-02-21 17:14:54 --> Session: Class initialized using 'CodeIgniter\Session\Handlers\FileHandler' driver.
DEBUG - 2026-02-21 17:15:03 --> Session: Class initialized using 'CodeIgniter\Session\Handlers\FileHandler' driver.
DEBUG - 2026-02-21 17:15:06 --> Session: Class initialized using 'CodeIgniter\Session\Handlers\FileHandler' driver.
DEBUG - 2026-02-21 17:22:02 --> Session: Class initialized using 'CodeIgniter\Session\Handlers\FileHandler' driver.
DEBUG - 2026-02-21 17:22:09 --> Session: Class initialized using 'CodeIgniter\Session\Handlers\FileHandler' driver.
DEBUG - 2026-02-21 17:22:11 --> Session: Class initialized using 'CodeIgniter\Session\Handlers\FileHandler' driver.
DEBUG - 2026-02-21 17:34:23 --> Session: Class initialized using 'CodeIgniter\Session\Handlers\FileHandler' driver.
DEBUG - 2026-02-21 17:34:59 --> Session: Class initialized using 'CodeIgniter\Session\Handlers\FileHandler' driver.
DEBUG - 2026-02-21 17:35:02 --> Session: Class initialized using 'CodeIgniter\Session\Handlers\FileHandler' driver.
DEBUG - 2026-02-21 17:38:50 --> Session: Class initialized using 'CodeIgniter\Session\Handlers\FileHandler' driver.
DEBUG - 2026-02-21 17:38:53 --> Session: Class initialized using 'CodeIgniter\Session\Handlers\FileHandler' driver.
DEBUG - 2026-02-21 17:38:55 --> Session: Class initialized using 'CodeIgniter\Session\Handlers\FileHandler' driver.
DEBUG - 2026-02-21 17:39:14 --> Session: Class initialized using 'CodeIgniter\Session\Handlers\FileHandler' driver.
DEBUG - 2026-02-21 17:42:09 --> Session: Class initialized using 'CodeIgniter\Session\Handlers\FileHandler' driver.
DEBUG - 2026-02-21 17:43:20 --> Session: Class initialized using 'CodeIgniter\Session\Handlers\FileHandler' driver.
DEBUG - 2026-02-21 17:43:41 --> Session: Class initialized using 'CodeIgniter\Session\Handlers\FileHandler' driver.
DEBUG - 2026-02-21 17:43:45 --> Session: Class initialized using 'CodeIgniter\Session\Handlers\FileHandler' driver.
DEBUG - 2026-02-21 17:43:47 --> Session: Class initialized using 'CodeIgniter\Session\Handlers\FileHandler' driver.
DEBUG - 2026-02-21 17:43:49 --> Session: Class initialized using 'CodeIgniter\Session\Handlers\FileHandler' driver.
DEBUG - 2026-02-21 17:43:54 --> Session: Class initialized using 'CodeIgniter\Session\Handlers\FileHandler' driver.
DEBUG - 2026-02-21 17:44:43 --> Session: Class initialized using 'CodeIgniter\Session\Handlers\FileHandler' driver.
DEBUG - 2026-02-21 17:44:51 --> Session: Class initialized using 'CodeIgniter\Session\Handlers\FileHandler' driver.
DEBUG - 2026-02-21 17:45:30 --> Session: Class initialized using 'CodeIgniter\Session\Handlers\FileHandler' driver.
DEBUG - 2026-02-21 17:45:31 --> Session: Class initialized using 'CodeIgniter\Session\Handlers\FileHandler' driver.
DEBUG - 2026-02-21 17:46:57 --> Session: Class initialized using 'CodeIgniter\Session\Handlers\FileHandler' driver.
DEBUG - 2026-02-21 17:47:43 --> Session: Class initialized using 'CodeIgniter\Session\Handlers\FileHandler' driver.
DEBUG - 2026-02-21 17:47:53 --> Session: Class initialized using 'CodeIgniter\Session\Handlers\FileHandler' driver.
DEBUG - 2026-02-21 17:47:59 --> Session: Class initialized using 'CodeIgniter\Session\Handlers\FileHandler' driver.
DEBUG - 2026-02-21 17:50:16 --> Session: Class initialized using 'CodeIgniter\Session\Handlers\FileHandler' driver.
DEBUG - 2026-02-21 17:50:53 --> Session: Class initialized using 'CodeIgniter\Session\Handlers\FileHandler' driver.
DEBUG - 2026-02-21 17:51:21 --> Session: Class initialized using 'CodeIgniter\Session\Handlers\FileHandler' driver.
DEBUG - 2026-02-21 18:15:17 --> Session: Class initialized using 'CodeIgniter\Session\Handlers\FileHandler' driver.
DEBUG - 2026-02-21 18:15:21 --> Session: Class initialized using 'CodeIgniter\Session\Handlers\FileHandler' driver.
DEBUG - 2026-02-21 18:15:35 --> Session: Class initialized using 'CodeIgniter\Session\Handlers\FileHandler' driver.
DEBUG - 2026-02-21 18:15:44 --> Session: Class initialized using 'CodeIgniter\Session\Handlers\FileHandler' driver.
DEBUG - 2026-02-21 18:15:49 --> Session: Class initialized using 'CodeIgniter\Session\Handlers\FileHandler' driver.
DEBUG - 2026-02-21 18:16:27 --> Session: Class initialized using 'CodeIgniter\Session\Handlers\FileHandler' driver.
DEBUG - 2026-02-21 18:16:30 --> Session: Class initialized using 'CodeIgniter\Session\Handlers\FileHandler' driver.
DEBUG - 2026-02-21 18:16:32 --> Session: Class initialized using 'CodeIgniter\Session\Handlers\FileHandler' driver.
DEBUG - 2026-02-21 18:16:39 --> Session: Class initialized using 'CodeIgniter\Session\Handlers\FileHandler' driver.
DEBUG - 2026-02-21 18:16:41 --> Session: Class initialized using 'CodeIgniter\Session\Handlers\FileHandler' driver.
DEBUG - 2026-02-21 18:17:09 --> Session: Class initialized using 'CodeIgniter\Session\Handlers\FileHandler' driver.
DEBUG - 2026-02-21 18:17:12 --> Session: Class initialized using 'CodeIgniter\Session\Handlers\FileHandler' driver.
DEBUG - 2026-02-21 18:17:30 --> Session: Class initialized using 'CodeIgniter\Session\Handlers\FileHandler' driver.
DEBUG - 2026-02-21 18:17:32 --> Session: Class initialized using 'CodeIgniter\Session\Handlers\FileHandler' driver.
DEBUG - 2026-02-21 18:20:22 --> Session: Class initialized using 'CodeIgniter\Session\Handlers\FileHandler' driver.
DEBUG - 2026-02-21 18:28:15 --> Session: Class initialized using 'CodeIgniter\Session\Handlers\FileHandler' driver.
DEBUG - 2026-02-21 18:31:10 --> Session: Class initialized using 'CodeIgniter\Session\Handlers\FileHandler' driver.
DEBUG - 2026-02-21 18:31:53 --> Session: Class initialized using 'CodeIgniter\Session\Handlers\FileHandler' driver.
DEBUG - 2026-02-21 18:31:53 --> Session: Class initialized using 'CodeIgniter\Session\Handlers\FileHandler' driver.
DEBUG - 2026-02-21 18:31:59 --> Session: Class initialized using 'CodeIgniter\Session\Handlers\FileHandler' driver.
DEBUG - 2026-02-21 18:32:25 --> Session: Class initialized using 'CodeIgniter\Session\Handlers\FileHandler' driver.
ERROR - 2026-02-21 18:32:25 --> mysqli_sql_exception: Cannot add or update a child row: a foreign key constraint fails (`eticaret_proje`.`products`, CONSTRAINT `fk_products_author` FOREIGN KEY (`author_id`) REFERENCES `authors` (`id`) ON DELETE SET NULL ON UPDATE CASCADE) in C:\Users\Hilal Yeşim\Desktop\E-TICARET\system\Database\MySQLi\Connection.php:327
Stack trace:
#0 C:\Users\Hilal Yeşim\Desktop\E-TICARET\system\Database\MySQLi\Connection.php(327): mysqli->query('INSERT INTO `pr...', 0)
#1 C:\Users\Hilal Yeşim\Desktop\E-TICARET\system\Database\BaseConnection.php(729): CodeIgniter\Database\MySQLi\Connection->execute('INSERT INTO `pr...')
#2 C:\Users\Hilal Yeşim\Desktop\E-TICARET\system\Database\BaseConnection.php(646): CodeIgniter\Database\BaseConnection->simpleQuery('INSERT INTO `pr...')
#3 C:\Users\Hilal Yeşim\Desktop\E-TICARET\system\Database\BaseBuilder.php(2345): CodeIgniter\Database\BaseConnection->query('INSERT INTO `pr...', Array, false)
#4 C:\Users\Hilal Yeşim\Desktop\E-TICARET\system\Model.php(394): CodeIgniter\Database\BaseBuilder->insert()
#5 C:\Users\Hilal Yeşim\Desktop\E-TICARET\system\BaseModel.php(838): CodeIgniter\Model->doInsert(Array)
#6 C:\Users\Hilal Yeşim\Desktop\E-TICARET\system\Model.php(797): CodeIgniter\BaseModel->insert(Array, true)
#7 C:\Users\Hilal Yeşim\Desktop\E-TICARET\app\Models\ProductsModel.php(115): CodeIgniter\Model->insert(Array, true)
#8 C:\Users\Hilal Yeşim\Desktop\E-TICARET\app\Services\ProductsService.php(140): App\Models\ProductsModel->createProduct(Array)
#9 C:\Users\Hilal Yeşim\Desktop\E-TICARET\app\Controllers\Admin\Products.php(116): App\Services\ProductsService->createProduct(Array)
#10 C:\Users\Hilal Yeşim\Desktop\E-TICARET\system\CodeIgniter.php(933): App\Controllers\Admin\Products->store()
#11 C:\Users\Hilal Yeşim\Desktop\E-TICARET\system\CodeIgniter.php(507): CodeIgniter\CodeIgniter->runController(Object(App\Controllers\Admin\Products))
#12 C:\Users\Hilal Yeşim\Desktop\E-TICARET\system\CodeIgniter.php(354): CodeIgniter\CodeIgniter->handleRequest(NULL, Object(Config\Cache), false)
#13 C:\Users\Hilal Yeşim\Desktop\E-TICARET\system\Boot.php(363): CodeIgniter\CodeIgniter->run()
#14 C:\Users\Hilal Yeşim\Desktop\E-TICARET\system\Boot.php(68): CodeIgniter\Boot::runCodeIgniter(Object(CodeIgniter\CodeIgniter))
#15 C:\Users\Hilal Yeşim\Desktop\E-TICARET\public\index.php(59): CodeIgniter\Boot::bootWeb(Object(Config\Paths))
#16 C:\Users\Hilal Yeşim\Desktop\E-TICARET\system\rewrite.php(44): require_once('C:\\Users\\Hilal ...')
#17 {main}
CRITICAL - 2026-02-21 18:32:25 --> CodeIgniter\Database\Exceptions\DatabaseException: Cannot add or update a child row: a foreign key constraint fails (`eticaret_proje`.`products`, CONSTRAINT `fk_products_author` FOREIGN KEY (`author_id`) REFERENCES `authors` (`id`) ON DELETE SET NULL ON UPDATE CASCADE)
[Method: POST, Route: admin/products/store]
in SYSTEMPATH\Database\BaseConnection.php on line 684.
 1 SYSTEMPATH\Database\BaseBuilder.php(2345): CodeIgniter\Database\BaseConnection->query('INSERT INTO `products` (`product_name`, `author_id`, `author`, `category_id`, `description`, `price`, `stock_count`, `type`, `is_active`, `created_at`, `updated_at`, `id`) VALUES (:product_name:, :author_id:, :author:, :category_id:, :description:, :price:, :stock_count:, :type:, :is_active:, :created_at:, :updated_at:, :id:)', [...], false)
 2 SYSTEMPATH\Model.php(394): CodeIgniter\Database\BaseBuilder->insert()
 3 SYSTEMPATH\BaseModel.php(838): CodeIgniter\Model->doInsert([...])
 4 SYSTEMPATH\Model.php(797): CodeIgniter\BaseModel->insert([...], true)
 5 APPPATH\Models\ProductsModel.php(115): CodeIgniter\Model->insert([...], true)
 6 APPPATH\Services\ProductsService.php(140): App\Models\ProductsModel->createProduct([...])
 7 APPPATH\Controllers\Admin\Products.php(116): App\Services\ProductsService->createProduct([...])
 8 SYSTEMPATH\CodeIgniter.php(933): App\Controllers\Admin\Products->store()
 9 SYSTEMPATH\CodeIgniter.php(507): CodeIgniter\CodeIgniter->runController(Object(App\Controllers\Admin\Products))
10 SYSTEMPATH\CodeIgniter.php(354): CodeIgniter\CodeIgniter->handleRequest(null, Object(Config\Cache), false)
11 SYSTEMPATH\Boot.php(363): CodeIgniter\CodeIgniter->run()
12 SYSTEMPATH\Boot.php(68): CodeIgniter\Boot::runCodeIgniter(Object(CodeIgniter\CodeIgniter))
13 FCPATH\index.php(59): CodeIgniter\Boot::bootWeb(Object(Config\Paths))
14 SYSTEMPATH\rewrite.php(44): require_once('C:\\Users\\Hilal Yeşim\\Desktop\\E-TICARET\\public\\index.php')
CRITICAL - 2026-02-21 18:32:25 --> [Caused by] CodeIgniter\Database\Exceptions\DatabaseException: Cannot add or update a child row: a foreign key constraint fails (`eticaret_proje`.`products`, CONSTRAINT `fk_products_author` FOREIGN KEY (`author_id`) REFERENCES `authors` (`id`) ON DELETE SET NULL ON UPDATE CASCADE)
in SYSTEMPATH\Database\MySQLi\Connection.php on line 332.
 1 SYSTEMPATH\Database\BaseConnection.php(729): CodeIgniter\Database\MySQLi\Connection->execute('INSERT INTO `products` (`product_name`, `author_id`, `author`, `category_id`, `description`, `price`, `stock_count`, `type`, `is_active`, `created_at`, `updated_at`, `id`) VALUES (\'Harry Potter Set\', \'\', \'\', \'28f7ed55-08e0-11f1-8b05-d5aee77ebd3b\', \'\', 0, 0, \'basili\', 1, \'2026-02-21 18:32:25\', \'2026-02-21 18:32:25\', \'5d972c5a-5f1f-4372-a831-378200f293a4\')')
 2 SYSTEMPATH\Database\BaseConnection.php(646): CodeIgniter\Database\BaseConnection->simpleQuery('INSERT INTO `products` (`product_name`, `author_id`, `author`, `category_id`, `description`, `price`, `stock_count`, `type`, `is_active`, `created_at`, `updated_at`, `id`) VALUES (\'Harry Potter Set\', \'\', \'\', \'28f7ed55-08e0-11f1-8b05-d5aee77ebd3b\', \'\', 0, 0, \'basili\', 1, \'2026-02-21 18:32:25\', \'2026-02-21 18:32:25\', \'5d972c5a-5f1f-4372-a831-378200f293a4\')')
 3 SYSTEMPATH\Database\BaseBuilder.php(2345): CodeIgniter\Database\BaseConnection->query('INSERT INTO `products` (`product_name`, `author_id`, `author`, `category_id`, `description`, `price`, `stock_count`, `type`, `is_active`, `created_at`, `updated_at`, `id`) VALUES (:product_name:, :author_id:, :author:, :category_id:, :description:, :price:, :stock_count:, :type:, :is_active:, :created_at:, :updated_at:, :id:)', [...], false)
 4 SYSTEMPATH\Model.php(394): CodeIgniter\Database\BaseBuilder->insert()
 5 SYSTEMPATH\BaseModel.php(838): CodeIgniter\Model->doInsert([...])
 6 SYSTEMPATH\Model.php(797): CodeIgniter\BaseModel->insert([...], true)
 7 APPPATH\Models\ProductsModel.php(115): CodeIgniter\Model->insert([...], true)
 8 APPPATH\Services\ProductsService.php(140): App\Models\ProductsModel->createProduct([...])
 9 APPPATH\Controllers\Admin\Products.php(116): App\Services\ProductsService->createProduct([...])
10 SYSTEMPATH\CodeIgniter.php(933): App\Controllers\Admin\Products->store()
11 SYSTEMPATH\CodeIgniter.php(507): CodeIgniter\CodeIgniter->runController(Object(App\Controllers\Admin\Products))
12 SYSTEMPATH\CodeIgniter.php(354): CodeIgniter\CodeIgniter->handleRequest(null, Object(Config\Cache), false)
13 SYSTEMPATH\Boot.php(363): CodeIgniter\CodeIgniter->run()
14 SYSTEMPATH\Boot.php(68): CodeIgniter\Boot::runCodeIgniter(Object(CodeIgniter\CodeIgniter))
15 FCPATH\index.php(59): CodeIgniter\Boot::bootWeb(Object(Config\Paths))
16 SYSTEMPATH\rewrite.php(44): require_once('C:\\Users\\Hilal Yeşim\\Desktop\\E-TICARET\\public\\index.php')
CRITICAL - 2026-02-21 18:32:25 --> [Caused by] mysqli_sql_exception: Cannot add or update a child row: a foreign key constraint fails (`eticaret_proje`.`products`, CONSTRAINT `fk_products_author` FOREIGN KEY (`author_id`) REFERENCES `authors` (`id`) ON DELETE SET NULL ON UPDATE CASCADE)
in SYSTEMPATH\Database\MySQLi\Connection.php on line 327.
 1 SYSTEMPATH\Database\MySQLi\Connection.php(327): mysqli->query('INSERT INTO `products` (`product_name`, `author_id`, `author`, `category_id`, `description`, `price`, `stock_count`, `type`, `is_active`, `created_at`, `updated_at`, `id`) VALUES (\'Harry Potter Set\', \'\', \'\', \'28f7ed55-08e0-11f1-8b05-d5aee77ebd3b\', \'\', 0, 0, \'basili\', 1, \'2026-02-21 18:32:25\', \'2026-02-21 18:32:25\', \'5d972c5a-5f1f-4372-a831-378200f293a4\')', 0)
 2 SYSTEMPATH\Database\BaseConnection.php(729): CodeIgniter\Database\MySQLi\Connection->execute('INSERT INTO `products` (`product_name`, `author_id`, `author`, `category_id`, `description`, `price`, `stock_count`, `type`, `is_active`, `created_at`, `updated_at`, `id`) VALUES (\'Harry Potter Set\', \'\', \'\', \'28f7ed55-08e0-11f1-8b05-d5aee77ebd3b\', \'\', 0, 0, \'basili\', 1, \'2026-02-21 18:32:25\', \'2026-02-21 18:32:25\', \'5d972c5a-5f1f-4372-a831-378200f293a4\')')
 3 SYSTEMPATH\Database\BaseConnection.php(646): CodeIgniter\Database\BaseConnection->simpleQuery('INSERT INTO `products` (`product_name`, `author_id`, `author`, `category_id`, `description`, `price`, `stock_count`, `type`, `is_active`, `created_at`, `updated_at`, `id`) VALUES (\'Harry Potter Set\', \'\', \'\', \'28f7ed55-08e0-11f1-8b05-d5aee77ebd3b\', \'\', 0, 0, \'basili\', 1, \'2026-02-21 18:32:25\', \'2026-02-21 18:32:25\', \'5d972c5a-5f1f-4372-a831-378200f293a4\')')
 4 SYSTEMPATH\Database\BaseBuilder.php(2345): CodeIgniter\Database\BaseConnection->query('INSERT INTO `products` (`product_name`, `author_id`, `author`, `category_id`, `description`, `price`, `stock_count`, `type`, `is_active`, `created_at`, `updated_at`, `id`) VALUES (:product_name:, :author_id:, :author:, :category_id:, :description:, :price:, :stock_count:, :type:, :is_active:, :created_at:, :updated_at:, :id:)', [...], false)
 5 SYSTEMPATH\Model.php(394): CodeIgniter\Database\BaseBuilder->insert()
 6 SYSTEMPATH\BaseModel.php(838): CodeIgniter\Model->doInsert([...])
 7 SYSTEMPATH\Model.php(797): CodeIgniter\BaseModel->insert([...], true)
 8 APPPATH\Models\ProductsModel.php(115): CodeIgniter\Model->insert([...], true)
 9 APPPATH\Services\ProductsService.php(140): App\Models\ProductsModel->createProduct([...])
10 APPPATH\Controllers\Admin\Products.php(116): App\Services\ProductsService->createProduct([...])
11 SYSTEMPATH\CodeIgniter.php(933): App\Controllers\Admin\Products->store()
12 SYSTEMPATH\CodeIgniter.php(507): CodeIgniter\CodeIgniter->runController(Object(App\Controllers\Admin\Products))
13 SYSTEMPATH\CodeIgniter.php(354): CodeIgniter\CodeIgniter->handleRequest(null, Object(Config\Cache), false)
14 SYSTEMPATH\Boot.php(363): CodeIgniter\CodeIgniter->run()
15 SYSTEMPATH\Boot.php(68): CodeIgniter\Boot::runCodeIgniter(Object(CodeIgniter\CodeIgniter))
16 FCPATH\index.php(59): CodeIgniter\Boot::bootWeb(Object(Config\Paths))
17 SYSTEMPATH\rewrite.php(44): require_once('C:\\Users\\Hilal Yeşim\\Desktop\\E-TICARET\\public\\index.php')
DEBUG - 2026-02-21 18:32:28 --> Session: Class initialized using 'CodeIgniter\Session\Handlers\FileHandler' driver.
DEBUG - 2026-02-21 18:33:12 --> Session: Class initialized using 'CodeIgniter\Session\Handlers\FileHandler' driver.
DEBUG - 2026-02-21 18:33:12 --> Session: Class initialized using 'CodeIgniter\Session\Handlers\FileHandler' driver.
DEBUG - 2026-02-21 18:33:25 --> Session: Class initialized using 'CodeIgniter\Session\Handlers\FileHandler' driver.
DEBUG - 2026-02-21 18:45:54 --> Session: Class initialized using 'CodeIgniter\Session\Handlers\FileHandler' driver.
DEBUG - 2026-02-21 18:46:12 --> Session: Class initialized using 'CodeIgniter\Session\Handlers\FileHandler' driver.
DEBUG - 2026-02-21 18:59:27 --> Session: Class initialized using 'CodeIgniter\Session\Handlers\FileHandler' driver.
DEBUG - 2026-02-21 18:59:37 --> Session: Class initialized using 'CodeIgniter\Session\Handlers\FileHandler' driver.
ERROR - 2026-02-21 18:59:37 --> mysqli_sql_exception: Table 'eticaret_proje.product_stock_logs' doesn't exist in C:\Users\Hilal Yeşim\Desktop\E-TICARET\system\Database\MySQLi\Connection.php:327
Stack trace:
#0 C:\Users\Hilal Yeşim\Desktop\E-TICARET\system\Database\MySQLi\Connection.php(327): mysqli->query('SELECT DATE(cre...', 0)
#1 C:\Users\Hilal Yeşim\Desktop\E-TICARET\system\Database\BaseConnection.php(729): CodeIgniter\Database\MySQLi\Connection->execute('SELECT DATE(cre...')
#2 C:\Users\Hilal Yeşim\Desktop\E-TICARET\system\Database\BaseConnection.php(646): CodeIgniter\Database\BaseConnection->simpleQuery('SELECT DATE(cre...')
#3 C:\Users\Hilal Yeşim\Desktop\E-TICARET\system\Database\BaseBuilder.php(1649): CodeIgniter\Database\BaseConnection->query('SELECT DATE(cre...', Array, false)
#4 C:\Users\Hilal Yeşim\Desktop\E-TICARET\app\Models\ProductsModel.php(211): CodeIgniter\Database\BaseBuilder->get()
#5 C:\Users\Hilal Yeşim\Desktop\E-TICARET\app\Services\ProductsService.php(180): App\Models\ProductsModel->getStockHistoryDaily('6e374aa0-3654-4...', 30)
#6 C:\Users\Hilal Yeşim\Desktop\E-TICARET\app\Controllers\Admin\Stock.php(24): App\Services\ProductsService->getStockHistoryDaily('6e374aa0-3654-4...', 30)
#7 C:\Users\Hilal Yeşim\Desktop\E-TICARET\system\CodeIgniter.php(933): App\Controllers\Admin\Stock->index()
#8 C:\Users\Hilal Yeşim\Desktop\E-TICARET\system\CodeIgniter.php(507): CodeIgniter\CodeIgniter->runController(Object(App\Controllers\Admin\Stock))
#9 C:\Users\Hilal Yeşim\Desktop\E-TICARET\system\CodeIgniter.php(354): CodeIgniter\CodeIgniter->handleRequest(NULL, Object(Config\Cache), false)
#10 C:\Users\Hilal Yeşim\Desktop\E-TICARET\system\Boot.php(363): CodeIgniter\CodeIgniter->run()
#11 C:\Users\Hilal Yeşim\Desktop\E-TICARET\system\Boot.php(68): CodeIgniter\Boot::runCodeIgniter(Object(CodeIgniter\CodeIgniter))
#12 C:\Users\Hilal Yeşim\Desktop\E-TICARET\public\index.php(59): CodeIgniter\Boot::bootWeb(Object(Config\Paths))
#13 C:\Users\Hilal Yeşim\Desktop\E-TICARET\system\rewrite.php(44): require_once('C:\\Users\\Hilal ...')
#14 {main}
CRITICAL - 2026-02-21 18:59:37 --> CodeIgniter\Database\Exceptions\DatabaseException: Table 'eticaret_proje.product_stock_logs' doesn't exist
[Method: GET, Route: admin/stock]
in SYSTEMPATH\Database\BaseConnection.php on line 684.
 1 SYSTEMPATH\Database\BaseBuilder.php(1649): CodeIgniter\Database\BaseConnection->query('SELECT DATE(created_at) as d, `new_stock`, `created_at`
FROM `product_stock_logs`
WHERE `product_id` = :product_id:
AND `created_at` >= :created_at:
AND `created_at` <= :created_at.1:
ORDER BY `created_at` ASC', [...], false)
 2 APPPATH\Models\ProductsModel.php(211): CodeIgniter\Database\BaseBuilder->get()
 3 APPPATH\Services\ProductsService.php(180): App\Models\ProductsModel->getStockHistoryDaily('6e374aa0-3654-4a3f-b325-4fbfefc812f6', 30)
 4 APPPATH\Controllers\Admin\Stock.php(24): App\Services\ProductsService->getStockHistoryDaily('6e374aa0-3654-4a3f-b325-4fbfefc812f6', 30)
 5 SYSTEMPATH\CodeIgniter.php(933): App\Controllers\Admin\Stock->index()
 6 SYSTEMPATH\CodeIgniter.php(507): CodeIgniter\CodeIgniter->runController(Object(App\Controllers\Admin\Stock))
 7 SYSTEMPATH\CodeIgniter.php(354): CodeIgniter\CodeIgniter->handleRequest(null, Object(Config\Cache), false)
 8 SYSTEMPATH\Boot.php(363): CodeIgniter\CodeIgniter->run()
 9 SYSTEMPATH\Boot.php(68): CodeIgniter\Boot::runCodeIgniter(Object(CodeIgniter\CodeIgniter))
10 FCPATH\index.php(59): CodeIgniter\Boot::bootWeb(Object(Config\Paths))
11 SYSTEMPATH\rewrite.php(44): require_once('C:\\Users\\Hilal Yeşim\\Desktop\\E-TICARET\\public\\index.php')
CRITICAL - 2026-02-21 18:59:37 --> [Caused by] CodeIgniter\Database\Exceptions\DatabaseException: Table 'eticaret_proje.product_stock_logs' doesn't exist
in SYSTEMPATH\Database\MySQLi\Connection.php on line 332.
 1 SYSTEMPATH\Database\BaseConnection.php(729): CodeIgniter\Database\MySQLi\Connection->execute('SELECT DATE(created_at) as d, `new_stock`, `created_at`
FROM `product_stock_logs`
WHERE `product_id` = \'6e374aa0-3654-4a3f-b325-4fbfefc812f6\'
AND `created_at` >= \'2026-01-23 00:00:00\'
AND `created_at` <= \'2026-02-21 23:59:59\'
ORDER BY `created_at` ASC')
 2 SYSTEMPATH\Database\BaseConnection.php(646): CodeIgniter\Database\BaseConnection->simpleQuery('SELECT DATE(created_at) as d, `new_stock`, `created_at`
FROM `product_stock_logs`
WHERE `product_id` = \'6e374aa0-3654-4a3f-b325-4fbfefc812f6\'
AND `created_at` >= \'2026-01-23 00:00:00\'
AND `created_at` <= \'2026-02-21 23:59:59\'
ORDER BY `created_at` ASC')
 3 SYSTEMPATH\Database\BaseBuilder.php(1649): CodeIgniter\Database\BaseConnection->query('SELECT DATE(created_at) as d, `new_stock`, `created_at`
FROM `product_stock_logs`
WHERE `product_id` = :product_id:
AND `created_at` >= :created_at:
AND `created_at` <= :created_at.1:
ORDER BY `created_at` ASC', [...], false)
 4 APPPATH\Models\ProductsModel.php(211): CodeIgniter\Database\BaseBuilder->get()
 5 APPPATH\Services\ProductsService.php(180): App\Models\ProductsModel->getStockHistoryDaily('6e374aa0-3654-4a3f-b325-4fbfefc812f6', 30)
 6 APPPATH\Controllers\Admin\Stock.php(24): App\Services\ProductsService->getStockHistoryDaily('6e374aa0-3654-4a3f-b325-4fbfefc812f6', 30)
 7 SYSTEMPATH\CodeIgniter.php(933): App\Controllers\Admin\Stock->index()
 8 SYSTEMPATH\CodeIgniter.php(507): CodeIgniter\CodeIgniter->runController(Object(App\Controllers\Admin\Stock))
 9 SYSTEMPATH\CodeIgniter.php(354): CodeIgniter\CodeIgniter->handleRequest(null, Object(Config\Cache), false)
10 SYSTEMPATH\Boot.php(363): CodeIgniter\CodeIgniter->run()
11 SYSTEMPATH\Boot.php(68): CodeIgniter\Boot::runCodeIgniter(Object(CodeIgniter\CodeIgniter))
12 FCPATH\index.php(59): CodeIgniter\Boot::bootWeb(Object(Config\Paths))
13 SYSTEMPATH\rewrite.php(44): require_once('C:\\Users\\Hilal Yeşim\\Desktop\\E-TICARET\\public\\index.php')
CRITICAL - 2026-02-21 18:59:37 --> [Caused by] mysqli_sql_exception: Table 'eticaret_proje.product_stock_logs' doesn't exist
in SYSTEMPATH\Database\MySQLi\Connection.php on line 327.
 1 SYSTEMPATH\Database\MySQLi\Connection.php(327): mysqli->query('SELECT DATE(created_at) as d, `new_stock`, `created_at`
FROM `product_stock_logs`
WHERE `product_id` = \'6e374aa0-3654-4a3f-b325-4fbfefc812f6\'
AND `created_at` >= \'2026-01-23 00:00:00\'
AND `created_at` <= \'2026-02-21 23:59:59\'
ORDER BY `created_at` ASC', 0)
 2 SYSTEMPATH\Database\BaseConnection.php(729): CodeIgniter\Database\MySQLi\Connection->execute('SELECT DATE(created_at) as d, `new_stock`, `created_at`
FROM `product_stock_logs`
WHERE `product_id` = \'6e374aa0-3654-4a3f-b325-4fbfefc812f6\'
AND `created_at` >= \'2026-01-23 00:00:00\'
AND `created_at` <= \'2026-02-21 23:59:59\'
ORDER BY `created_at` ASC')
 3 SYSTEMPATH\Database\BaseConnection.php(646): CodeIgniter\Database\BaseConnection->simpleQuery('SELECT DATE(created_at) as d, `new_stock`, `created_at`
FROM `product_stock_logs`
WHERE `product_id` = \'6e374aa0-3654-4a3f-b325-4fbfefc812f6\'
AND `created_at` >= \'2026-01-23 00:00:00\'
AND `created_at` <= \'2026-02-21 23:59:59\'
ORDER BY `created_at` ASC')
 4 SYSTEMPATH\Database\BaseBuilder.php(1649): CodeIgniter\Database\BaseConnection->query('SELECT DATE(created_at) as d, `new_stock`, `created_at`
FROM `product_stock_logs`
WHERE `product_id` = :product_id:
AND `created_at` >= :created_at:
AND `created_at` <= :created_at.1:
ORDER BY `created_at` ASC', [...], false)
 5 APPPATH\Models\ProductsModel.php(211): CodeIgniter\Database\BaseBuilder->get()
 6 APPPATH\Services\ProductsService.php(180): App\Models\ProductsModel->getStockHistoryDaily('6e374aa0-3654-4a3f-b325-4fbfefc812f6', 30)
 7 APPPATH\Controllers\Admin\Stock.php(24): App\Services\ProductsService->getStockHistoryDaily('6e374aa0-3654-4a3f-b325-4fbfefc812f6', 30)
 8 SYSTEMPATH\CodeIgniter.php(933): App\Controllers\Admin\Stock->index()
 9 SYSTEMPATH\CodeIgniter.php(507): CodeIgniter\CodeIgniter->runController(Object(App\Controllers\Admin\Stock))
10 SYSTEMPATH\CodeIgniter.php(354): CodeIgniter\CodeIgniter->handleRequest(null, Object(Config\Cache), false)
11 SYSTEMPATH\Boot.php(363): CodeIgniter\CodeIgniter->run()
12 SYSTEMPATH\Boot.php(68): CodeIgniter\Boot::runCodeIgniter(Object(CodeIgniter\CodeIgniter))
13 FCPATH\index.php(59): CodeIgniter\Boot::bootWeb(Object(Config\Paths))
14 SYSTEMPATH\rewrite.php(44): require_once('C:\\Users\\Hilal Yeşim\\Desktop\\E-TICARET\\public\\index.php')
DEBUG - 2026-02-21 18:59:40 --> Session: Class initialized using 'CodeIgniter\Session\Handlers\FileHandler' driver.
DEBUG - 2026-02-21 19:00:34 --> Session: Class initialized using 'CodeIgniter\Session\Handlers\FileHandler' driver.
DEBUG - 2026-02-21 19:00:34 --> Session: Class initialized using 'CodeIgniter\Session\Handlers\FileHandler' driver.
DEBUG - 2026-02-21 19:00:43 --> Session: Class initialized using 'CodeIgniter\Session\Handlers\FileHandler' driver.
DEBUG - 2026-02-21 19:00:58 --> Session: Class initialized using 'CodeIgniter\Session\Handlers\FileHandler' driver.
DEBUG - 2026-02-21 19:00:58 --> Session: Class initialized using 'CodeIgniter\Session\Handlers\FileHandler' driver.
DEBUG - 2026-02-21 19:03:15 --> Session: Class initialized using 'CodeIgniter\Session\Handlers\FileHandler' driver.
DEBUG - 2026-02-21 19:03:22 --> Session: Class initialized using 'CodeIgniter\Session\Handlers\FileHandler' driver.
DEBUG - 2026-02-21 19:03:44 --> Session: Class initialized using 'CodeIgniter\Session\Handlers\FileHandler' driver.
DEBUG - 2026-02-21 19:03:44 --> Session: Class initialized using 'CodeIgniter\Session\Handlers\FileHandler' driver.
DEBUG - 2026-02-21 19:03:50 --> Session: Class initialized using 'CodeIgniter\Session\Handlers\FileHandler' driver.
DEBUG - 2026-02-21 19:03:54 --> Session: Class initialized using 'CodeIgniter\Session\Handlers\FileHandler' driver.
DEBUG - 2026-02-21 19:04:37 --> Session: Class initialized using 'CodeIgniter\Session\Handlers\FileHandler' driver.
DEBUG - 2026-02-21 19:04:37 --> Session: Class initialized using 'CodeIgniter\Session\Handlers\FileHandler' driver.
DEBUG - 2026-02-21 19:04:39 --> Session: Class initialized using 'CodeIgniter\Session\Handlers\FileHandler' driver.
DEBUG - 2026-02-21 19:05:09 --> Session: Class initialized using 'CodeIgniter\Session\Handlers\FileHandler' driver.
DEBUG - 2026-02-21 19:05:09 --> Session: Class initialized using 'CodeIgniter\Session\Handlers\FileHandler' driver.
DEBUG - 2026-02-21 19:05:13 --> Session: Class initialized using 'CodeIgniter\Session\Handlers\FileHandler' driver.
DEBUG - 2026-02-21 19:05:17 --> Session: Class initialized using 'CodeIgniter\Session\Handlers\FileHandler' driver.
ERROR - 2026-02-21 19:05:17 --> mysqli_sql_exception: Table 'eticaret_proje.product_stock_logs' doesn't exist in C:\Users\Hilal Yeşim\Desktop\E-TICARET\system\Database\MySQLi\Connection.php:327
Stack trace:
#0 C:\Users\Hilal Yeşim\Desktop\E-TICARET\system\Database\MySQLi\Connection.php(327): mysqli->query('INSERT INTO `pr...', 0)
#1 C:\Users\Hilal Yeşim\Desktop\E-TICARET\system\Database\BaseConnection.php(729): CodeIgniter\Database\MySQLi\Connection->execute('INSERT INTO `pr...')
#2 C:\Users\Hilal Yeşim\Desktop\E-TICARET\system\Database\BaseConnection.php(646): CodeIgniter\Database\BaseConnection->simpleQuery('INSERT INTO `pr...')
#3 C:\Users\Hilal Yeşim\Desktop\E-TICARET\system\Database\BaseBuilder.php(2345): CodeIgniter\Database\BaseConnection->query('INSERT INTO `pr...', Array, false)
#4 C:\Users\Hilal Yeşim\Desktop\E-TICARET\app\Models\ProductsModel.php(188): CodeIgniter\Database\BaseBuilder->insert(Array)
#5 C:\Users\Hilal Yeşim\Desktop\E-TICARET\app\Services\ProductsService.php(175): App\Models\ProductsModel->logStockChange('6429064a-dd13-4...', 2, 2, 'admin_update')
#6 C:\Users\Hilal Yeşim\Desktop\E-TICARET\app\Controllers\Admin\Stock.php(61): App\Services\ProductsService->logStockChange('6429064a-dd13-4...', 2, 2, 'admin_update')
#7 C:\Users\Hilal Yeşim\Desktop\E-TICARET\system\CodeIgniter.php(933): App\Controllers\Admin\Stock->update('6429064a-dd13-4...')
#8 C:\Users\Hilal Yeşim\Desktop\E-TICARET\system\CodeIgniter.php(507): CodeIgniter\CodeIgniter->runController(Object(App\Controllers\Admin\Stock))
#9 C:\Users\Hilal Yeşim\Desktop\E-TICARET\system\CodeIgniter.php(354): CodeIgniter\CodeIgniter->handleRequest(NULL, Object(Config\Cache), false)
#10 C:\Users\Hilal Yeşim\Desktop\E-TICARET\system\Boot.php(363): CodeIgniter\CodeIgniter->run()
#11 C:\Users\Hilal Yeşim\Desktop\E-TICARET\system\Boot.php(68): CodeIgniter\Boot::runCodeIgniter(Object(CodeIgniter\CodeIgniter))
#12 C:\Users\Hilal Yeşim\Desktop\E-TICARET\public\index.php(59): CodeIgniter\Boot::bootWeb(Object(Config\Paths))
#13 C:\Users\Hilal Yeşim\Desktop\E-TICARET\system\rewrite.php(44): require_once('C:\\Users\\Hilal ...')
#14 {main}
CRITICAL - 2026-02-21 19:05:17 --> CodeIgniter\Database\Exceptions\DatabaseException: Table 'eticaret_proje.product_stock_logs' doesn't exist
[Method: POST, Route: admin/stock/update/6429064a-dd13-436e-b656-b30ca971d63b]
in SYSTEMPATH\Database\BaseConnection.php on line 684.
 1 SYSTEMPATH\Database\BaseBuilder.php(2345): CodeIgniter\Database\BaseConnection->query('INSERT INTO `product_stock_logs` (`id`, `product_id`, `old_stock`, `new_stock`, `change_amount`, `reason`, `created_at`) VALUES (:id:, :product_id:, :old_stock:, :new_stock:, :change_amount:, :reason:, :created_at:)', [...], false)
 2 APPPATH\Models\ProductsModel.php(188): CodeIgniter\Database\BaseBuilder->insert([...])
 3 APPPATH\Services\ProductsService.php(175): App\Models\ProductsModel->logStockChange('6429064a-dd13-436e-b656-b30ca971d63b', 2, 2, 'admin_update')
 4 APPPATH\Controllers\Admin\Stock.php(61): App\Services\ProductsService->logStockChange('6429064a-dd13-436e-b656-b30ca971d63b', 2, 2, 'admin_update')
 5 SYSTEMPATH\CodeIgniter.php(933): App\Controllers\Admin\Stock->update('6429064a-dd13-436e-b656-b30ca971d63b')
 6 SYSTEMPATH\CodeIgniter.php(507): CodeIgniter\CodeIgniter->runController(Object(App\Controllers\Admin\Stock))
 7 SYSTEMPATH\CodeIgniter.php(354): CodeIgniter\CodeIgniter->handleRequest(null, Object(Config\Cache), false)
 8 SYSTEMPATH\Boot.php(363): CodeIgniter\CodeIgniter->run()
 9 SYSTEMPATH\Boot.php(68): CodeIgniter\Boot::runCodeIgniter(Object(CodeIgniter\CodeIgniter))
10 FCPATH\index.php(59): CodeIgniter\Boot::bootWeb(Object(Config\Paths))
11 SYSTEMPATH\rewrite.php(44): require_once('C:\\Users\\Hilal Yeşim\\Desktop\\E-TICARET\\public\\index.php')
CRITICAL - 2026-02-21 19:05:17 --> [Caused by] CodeIgniter\Database\Exceptions\DatabaseException: Table 'eticaret_proje.product_stock_logs' doesn't exist
in SYSTEMPATH\Database\MySQLi\Connection.php on line 332.
 1 SYSTEMPATH\Database\BaseConnection.php(729): CodeIgniter\Database\MySQLi\Connection->execute('INSERT INTO `product_stock_logs` (`id`, `product_id`, `old_stock`, `new_stock`, `change_amount`, `reason`, `created_at`) VALUES (\'83052d67-1e27-4dc3-836f-a0eba2988bd6\', \'6429064a-dd13-436e-b656-b30ca971d63b\', 2, 2, 0, \'admin_update\', \'2026-02-21 19:05:17\')')
 2 SYSTEMPATH\Database\BaseConnection.php(646): CodeIgniter\Database\BaseConnection->simpleQuery('INSERT INTO `product_stock_logs` (`id`, `product_id`, `old_stock`, `new_stock`, `change_amount`, `reason`, `created_at`) VALUES (\'83052d67-1e27-4dc3-836f-a0eba2988bd6\', \'6429064a-dd13-436e-b656-b30ca971d63b\', 2, 2, 0, \'admin_update\', \'2026-02-21 19:05:17\')')
 3 SYSTEMPATH\Database\BaseBuilder.php(2345): CodeIgniter\Database\BaseConnection->query('INSERT INTO `product_stock_logs` (`id`, `product_id`, `old_stock`, `new_stock`, `change_amount`, `reason`, `created_at`) VALUES (:id:, :product_id:, :old_stock:, :new_stock:, :change_amount:, :reason:, :created_at:)', [...], false)
 4 APPPATH\Models\ProductsModel.php(188): CodeIgniter\Database\BaseBuilder->insert([...])
 5 APPPATH\Services\ProductsService.php(175): App\Models\ProductsModel->logStockChange('6429064a-dd13-436e-b656-b30ca971d63b', 2, 2, 'admin_update')
 6 APPPATH\Controllers\Admin\Stock.php(61): App\Services\ProductsService->logStockChange('6429064a-dd13-436e-b656-b30ca971d63b', 2, 2, 'admin_update')
 7 SYSTEMPATH\CodeIgniter.php(933): App\Controllers\Admin\Stock->update('6429064a-dd13-436e-b656-b30ca971d63b')
 8 SYSTEMPATH\CodeIgniter.php(507): CodeIgniter\CodeIgniter->runController(Object(App\Controllers\Admin\Stock))
 9 SYSTEMPATH\CodeIgniter.php(354): CodeIgniter\CodeIgniter->handleRequest(null, Object(Config\Cache), false)
10 SYSTEMPATH\Boot.php(363): CodeIgniter\CodeIgniter->run()
11 SYSTEMPATH\Boot.php(68): CodeIgniter\Boot::runCodeIgniter(Object(CodeIgniter\CodeIgniter))
12 FCPATH\index.php(59): CodeIgniter\Boot::bootWeb(Object(Config\Paths))
13 SYSTEMPATH\rewrite.php(44): require_once('C:\\Users\\Hilal Yeşim\\Desktop\\E-TICARET\\public\\index.php')
CRITICAL - 2026-02-21 19:05:17 --> [Caused by] mysqli_sql_exception: Table 'eticaret_proje.product_stock_logs' doesn't exist
in SYSTEMPATH\Database\MySQLi\Connection.php on line 327.
 1 SYSTEMPATH\Database\MySQLi\Connection.php(327): mysqli->query('INSERT INTO `product_stock_logs` (`id`, `product_id`, `old_stock`, `new_stock`, `change_amount`, `reason`, `created_at`) VALUES (\'83052d67-1e27-4dc3-836f-a0eba2988bd6\', \'6429064a-dd13-436e-b656-b30ca971d63b\', 2, 2, 0, \'admin_update\', \'2026-02-21 19:05:17\')', 0)
 2 SYSTEMPATH\Database\BaseConnection.php(729): CodeIgniter\Database\MySQLi\Connection->execute('INSERT INTO `product_stock_logs` (`id`, `product_id`, `old_stock`, `new_stock`, `change_amount`, `reason`, `created_at`) VALUES (\'83052d67-1e27-4dc3-836f-a0eba2988bd6\', \'6429064a-dd13-436e-b656-b30ca971d63b\', 2, 2, 0, \'admin_update\', \'2026-02-21 19:05:17\')')
 3 SYSTEMPATH\Database\BaseConnection.php(646): CodeIgniter\Database\BaseConnection->simpleQuery('INSERT INTO `product_stock_logs` (`id`, `product_id`, `old_stock`, `new_stock`, `change_amount`, `reason`, `created_at`) VALUES (\'83052d67-1e27-4dc3-836f-a0eba2988bd6\', \'6429064a-dd13-436e-b656-b30ca971d63b\', 2, 2, 0, \'admin_update\', \'2026-02-21 19:05:17\')')
 4 SYSTEMPATH\Database\BaseBuilder.php(2345): CodeIgniter\Database\BaseConnection->query('INSERT INTO `product_stock_logs` (`id`, `product_id`, `old_stock`, `new_stock`, `change_amount`, `reason`, `created_at`) VALUES (:id:, :product_id:, :old_stock:, :new_stock:, :change_amount:, :reason:, :created_at:)', [...], false)
 5 APPPATH\Models\ProductsModel.php(188): CodeIgniter\Database\BaseBuilder->insert([...])
 6 APPPATH\Services\ProductsService.php(175): App\Models\ProductsModel->logStockChange('6429064a-dd13-436e-b656-b30ca971d63b', 2, 2, 'admin_update')
 7 APPPATH\Controllers\Admin\Stock.php(61): App\Services\ProductsService->logStockChange('6429064a-dd13-436e-b656-b30ca971d63b', 2, 2, 'admin_update')
 8 SYSTEMPATH\CodeIgniter.php(933): App\Controllers\Admin\Stock->update('6429064a-dd13-436e-b656-b30ca971d63b')
 9 SYSTEMPATH\CodeIgniter.php(507): CodeIgniter\CodeIgniter->runController(Object(App\Controllers\Admin\Stock))
10 SYSTEMPATH\CodeIgniter.php(354): CodeIgniter\CodeIgniter->handleRequest(null, Object(Config\Cache), false)
11 SYSTEMPATH\Boot.php(363): CodeIgniter\CodeIgniter->run()
12 SYSTEMPATH\Boot.php(68): CodeIgniter\Boot::runCodeIgniter(Object(CodeIgniter\CodeIgniter))
13 FCPATH\index.php(59): CodeIgniter\Boot::bootWeb(Object(Config\Paths))
14 SYSTEMPATH\rewrite.php(44): require_once('C:\\Users\\Hilal Yeşim\\Desktop\\E-TICARET\\public\\index.php')
DEBUG - 2026-02-21 19:05:28 --> Session: Class initialized using 'CodeIgniter\Session\Handlers\FileHandler' driver.
ERROR - 2026-02-21 19:05:28 --> mysqli_sql_exception: Table 'eticaret_proje.product_stock_logs' doesn't exist in C:\Users\Hilal Yeşim\Desktop\E-TICARET\system\Database\MySQLi\Connection.php:327
Stack trace:
#0 C:\Users\Hilal Yeşim\Desktop\E-TICARET\system\Database\MySQLi\Connection.php(327): mysqli->query('INSERT INTO `pr...', 0)
#1 C:\Users\Hilal Yeşim\Desktop\E-TICARET\system\Database\BaseConnection.php(729): CodeIgniter\Database\MySQLi\Connection->execute('INSERT INTO `pr...')
#2 C:\Users\Hilal Yeşim\Desktop\E-TICARET\system\Database\BaseConnection.php(646): CodeIgniter\Database\BaseConnection->simpleQuery('INSERT INTO `pr...')
#3 C:\Users\Hilal Yeşim\Desktop\E-TICARET\system\Database\BaseBuilder.php(2345): CodeIgniter\Database\BaseConnection->query('INSERT INTO `pr...', Array, false)
#4 C:\Users\Hilal Yeşim\Desktop\E-TICARET\app\Models\ProductsModel.php(188): CodeIgniter\Database\BaseBuilder->insert(Array)
#5 C:\Users\Hilal Yeşim\Desktop\E-TICARET\app\Services\ProductsService.php(175): App\Models\ProductsModel->logStockChange('6429064a-dd13-4...', 2, 4, 'admin_update')
#6 C:\Users\Hilal Yeşim\Desktop\E-TICARET\app\Controllers\Admin\Stock.php(61): App\Services\ProductsService->logStockChange('6429064a-dd13-4...', 2, 4, 'admin_update')
#7 C:\Users\Hilal Yeşim\Desktop\E-TICARET\system\CodeIgniter.php(933): App\Controllers\Admin\Stock->update('6429064a-dd13-4...')
#8 C:\Users\Hilal Yeşim\Desktop\E-TICARET\system\CodeIgniter.php(507): CodeIgniter\CodeIgniter->runController(Object(App\Controllers\Admin\Stock))
#9 C:\Users\Hilal Yeşim\Desktop\E-TICARET\system\CodeIgniter.php(354): CodeIgniter\CodeIgniter->handleRequest(NULL, Object(Config\Cache), false)
#10 C:\Users\Hilal Yeşim\Desktop\E-TICARET\system\Boot.php(363): CodeIgniter\CodeIgniter->run()
#11 C:\Users\Hilal Yeşim\Desktop\E-TICARET\system\Boot.php(68): CodeIgniter\Boot::runCodeIgniter(Object(CodeIgniter\CodeIgniter))
#12 C:\Users\Hilal Yeşim\Desktop\E-TICARET\public\index.php(59): CodeIgniter\Boot::bootWeb(Object(Config\Paths))
#13 C:\Users\Hilal Yeşim\Desktop\E-TICARET\system\rewrite.php(44): require_once('C:\\Users\\Hilal ...')
#14 {main}
CRITICAL - 2026-02-21 19:05:28 --> CodeIgniter\Database\Exceptions\DatabaseException: Table 'eticaret_proje.product_stock_logs' doesn't exist
[Method: POST, Route: admin/stock/update/6429064a-dd13-436e-b656-b30ca971d63b]
in SYSTEMPATH\Database\BaseConnection.php on line 684.
 1 SYSTEMPATH\Database\BaseBuilder.php(2345): CodeIgniter\Database\BaseConnection->query('INSERT INTO `product_stock_logs` (`id`, `product_id`, `old_stock`, `new_stock`, `change_amount`, `reason`, `created_at`) VALUES (:id:, :product_id:, :old_stock:, :new_stock:, :change_amount:, :reason:, :created_at:)', [...], false)
 2 APPPATH\Models\ProductsModel.php(188): CodeIgniter\Database\BaseBuilder->insert([...])
 3 APPPATH\Services\ProductsService.php(175): App\Models\ProductsModel->logStockChange('6429064a-dd13-436e-b656-b30ca971d63b', 2, 4, 'admin_update')
 4 APPPATH\Controllers\Admin\Stock.php(61): App\Services\ProductsService->logStockChange('6429064a-dd13-436e-b656-b30ca971d63b', 2, 4, 'admin_update')
 5 SYSTEMPATH\CodeIgniter.php(933): App\Controllers\Admin\Stock->update('6429064a-dd13-436e-b656-b30ca971d63b')
 6 SYSTEMPATH\CodeIgniter.php(507): CodeIgniter\CodeIgniter->runController(Object(App\Controllers\Admin\Stock))
 7 SYSTEMPATH\CodeIgniter.php(354): CodeIgniter\CodeIgniter->handleRequest(null, Object(Config\Cache), false)
 8 SYSTEMPATH\Boot.php(363): CodeIgniter\CodeIgniter->run()
 9 SYSTEMPATH\Boot.php(68): CodeIgniter\Boot::runCodeIgniter(Object(CodeIgniter\CodeIgniter))
10 FCPATH\index.php(59): CodeIgniter\Boot::bootWeb(Object(Config\Paths))
11 SYSTEMPATH\rewrite.php(44): require_once('C:\\Users\\Hilal Yeşim\\Desktop\\E-TICARET\\public\\index.php')
CRITICAL - 2026-02-21 19:05:28 --> [Caused by] CodeIgniter\Database\Exceptions\DatabaseException: Table 'eticaret_proje.product_stock_logs' doesn't exist
in SYSTEMPATH\Database\MySQLi\Connection.php on line 332.
 1 SYSTEMPATH\Database\BaseConnection.php(729): CodeIgniter\Database\MySQLi\Connection->execute('INSERT INTO `product_stock_logs` (`id`, `product_id`, `old_stock`, `new_stock`, `change_amount`, `reason`, `created_at`) VALUES (\'7f589e56-c025-4a7c-84b0-00b9078ef38b\', \'6429064a-dd13-436e-b656-b30ca971d63b\', 2, 4, 2, \'admin_update\', \'2026-02-21 19:05:28\')')
 2 SYSTEMPATH\Database\BaseConnection.php(646): CodeIgniter\Database\BaseConnection->simpleQuery('INSERT INTO `product_stock_logs` (`id`, `product_id`, `old_stock`, `new_stock`, `change_amount`, `reason`, `created_at`) VALUES (\'7f589e56-c025-4a7c-84b0-00b9078ef38b\', \'6429064a-dd13-436e-b656-b30ca971d63b\', 2, 4, 2, \'admin_update\', \'2026-02-21 19:05:28\')')
 3 SYSTEMPATH\Database\BaseBuilder.php(2345): CodeIgniter\Database\BaseConnection->query('INSERT INTO `product_stock_logs` (`id`, `product_id`, `old_stock`, `new_stock`, `change_amount`, `reason`, `created_at`) VALUES (:id:, :product_id:, :old_stock:, :new_stock:, :change_amount:, :reason:, :created_at:)', [...], false)
 4 APPPATH\Models\ProductsModel.php(188): CodeIgniter\Database\BaseBuilder->insert([...])
 5 APPPATH\Services\ProductsService.php(175): App\Models\ProductsModel->logStockChange('6429064a-dd13-436e-b656-b30ca971d63b', 2, 4, 'admin_update')
 6 APPPATH\Controllers\Admin\Stock.php(61): App\Services\ProductsService->logStockChange('6429064a-dd13-436e-b656-b30ca971d63b', 2, 4, 'admin_update')
 7 SYSTEMPATH\CodeIgniter.php(933): App\Controllers\Admin\Stock->update('6429064a-dd13-436e-b656-b30ca971d63b')
 8 SYSTEMPATH\CodeIgniter.php(507): CodeIgniter\CodeIgniter->runController(Object(App\Controllers\Admin\Stock))
 9 SYSTEMPATH\CodeIgniter.php(354): CodeIgniter\CodeIgniter->handleRequest(null, Object(Config\Cache), false)
10 SYSTEMPATH\Boot.php(363): CodeIgniter\CodeIgniter->run()
11 SYSTEMPATH\Boot.php(68): CodeIgniter\Boot::runCodeIgniter(Object(CodeIgniter\CodeIgniter))
12 FCPATH\index.php(59): CodeIgniter\Boot::bootWeb(Object(Config\Paths))
13 SYSTEMPATH\rewrite.php(44): require_once('C:\\Users\\Hilal Yeşim\\Desktop\\E-TICARET\\public\\index.php')
CRITICAL - 2026-02-21 19:05:28 --> [Caused by] mysqli_sql_exception: Table 'eticaret_proje.product_stock_logs' doesn't exist
in SYSTEMPATH\Database\MySQLi\Connection.php on line 327.
 1 SYSTEMPATH\Database\MySQLi\Connection.php(327): mysqli->query('INSERT INTO `product_stock_logs` (`id`, `product_id`, `old_stock`, `new_stock`, `change_amount`, `reason`, `created_at`) VALUES (\'7f589e56-c025-4a7c-84b0-00b9078ef38b\', \'6429064a-dd13-436e-b656-b30ca971d63b\', 2, 4, 2, \'admin_update\', \'2026-02-21 19:05:28\')', 0)
 2 SYSTEMPATH\Database\BaseConnection.php(729): CodeIgniter\Database\MySQLi\Connection->execute('INSERT INTO `product_stock_logs` (`id`, `product_id`, `old_stock`, `new_stock`, `change_amount`, `reason`, `created_at`) VALUES (\'7f589e56-c025-4a7c-84b0-00b9078ef38b\', \'6429064a-dd13-436e-b656-b30ca971d63b\', 2, 4, 2, \'admin_update\', \'2026-02-21 19:05:28\')')
 3 SYSTEMPATH\Database\BaseConnection.php(646): CodeIgniter\Database\BaseConnection->simpleQuery('INSERT INTO `product_stock_logs` (`id`, `product_id`, `old_stock`, `new_stock`, `change_amount`, `reason`, `created_at`) VALUES (\'7f589e56-c025-4a7c-84b0-00b9078ef38b\', \'6429064a-dd13-436e-b656-b30ca971d63b\', 2, 4, 2, \'admin_update\', \'2026-02-21 19:05:28\')')
 4 SYSTEMPATH\Database\BaseBuilder.php(2345): CodeIgniter\Database\BaseConnection->query('INSERT INTO `product_stock_logs` (`id`, `product_id`, `old_stock`, `new_stock`, `change_amount`, `reason`, `created_at`) VALUES (:id:, :product_id:, :old_stock:, :new_stock:, :change_amount:, :reason:, :created_at:)', [...], false)
 5 APPPATH\Models\ProductsModel.php(188): CodeIgniter\Database\BaseBuilder->insert([...])
 6 APPPATH\Services\ProductsService.php(175): App\Models\ProductsModel->logStockChange('6429064a-dd13-436e-b656-b30ca971d63b', 2, 4, 'admin_update')
 7 APPPATH\Controllers\Admin\Stock.php(61): App\Services\ProductsService->logStockChange('6429064a-dd13-436e-b656-b30ca971d63b', 2, 4, 'admin_update')
 8 SYSTEMPATH\CodeIgniter.php(933): App\Controllers\Admin\Stock->update('6429064a-dd13-436e-b656-b30ca971d63b')
 9 SYSTEMPATH\CodeIgniter.php(507): CodeIgniter\CodeIgniter->runController(Object(App\Controllers\Admin\Stock))
10 SYSTEMPATH\CodeIgniter.php(354): CodeIgniter\CodeIgniter->handleRequest(null, Object(Config\Cache), false)
11 SYSTEMPATH\Boot.php(363): CodeIgniter\CodeIgniter->run()
12 SYSTEMPATH\Boot.php(68): CodeIgniter\Boot::runCodeIgniter(Object(CodeIgniter\CodeIgniter))
13 FCPATH\index.php(59): CodeIgniter\Boot::bootWeb(Object(Config\Paths))
14 SYSTEMPATH\rewrite.php(44): require_once('C:\\Users\\Hilal Yeşim\\Desktop\\E-TICARET\\public\\index.php')
DEBUG - 2026-02-21 19:05:39 --> Session: Class initialized using 'CodeIgniter\Session\Handlers\FileHandler' driver.
ERROR - 2026-02-21 19:05:39 --> mysqli_sql_exception: Table 'eticaret_proje.product_stock_logs' doesn't exist in C:\Users\Hilal Yeşim\Desktop\E-TICARET\system\Database\MySQLi\Connection.php:327
Stack trace:
#0 C:\Users\Hilal Yeşim\Desktop\E-TICARET\system\Database\MySQLi\Connection.php(327): mysqli->query('SELECT DATE(cre...', 0)
#1 C:\Users\Hilal Yeşim\Desktop\E-TICARET\system\Database\BaseConnection.php(729): CodeIgniter\Database\MySQLi\Connection->execute('SELECT DATE(cre...')
#2 C:\Users\Hilal Yeşim\Desktop\E-TICARET\system\Database\BaseConnection.php(646): CodeIgniter\Database\BaseConnection->simpleQuery('SELECT DATE(cre...')
#3 C:\Users\Hilal Yeşim\Desktop\E-TICARET\system\Database\BaseBuilder.php(1649): CodeIgniter\Database\BaseConnection->query('SELECT DATE(cre...', Array, false)
#4 C:\Users\Hilal Yeşim\Desktop\E-TICARET\app\Models\ProductsModel.php(211): CodeIgniter\Database\BaseBuilder->get()
#5 C:\Users\Hilal Yeşim\Desktop\E-TICARET\app\Services\ProductsService.php(180): App\Models\ProductsModel->getStockHistoryDaily('6429064a-dd13-4...', 30)
#6 C:\Users\Hilal Yeşim\Desktop\E-TICARET\app\Controllers\Admin\Stock.php(24): App\Services\ProductsService->getStockHistoryDaily('6429064a-dd13-4...', 30)
#7 C:\Users\Hilal Yeşim\Desktop\E-TICARET\system\CodeIgniter.php(933): App\Controllers\Admin\Stock->index()
#8 C:\Users\Hilal Yeşim\Desktop\E-TICARET\system\CodeIgniter.php(507): CodeIgniter\CodeIgniter->runController(Object(App\Controllers\Admin\Stock))
#9 C:\Users\Hilal Yeşim\Desktop\E-TICARET\system\CodeIgniter.php(354): CodeIgniter\CodeIgniter->handleRequest(NULL, Object(Config\Cache), false)
#10 C:\Users\Hilal Yeşim\Desktop\E-TICARET\system\Boot.php(363): CodeIgniter\CodeIgniter->run()
#11 C:\Users\Hilal Yeşim\Desktop\E-TICARET\system\Boot.php(68): CodeIgniter\Boot::runCodeIgniter(Object(CodeIgniter\CodeIgniter))
#12 C:\Users\Hilal Yeşim\Desktop\E-TICARET\public\index.php(59): CodeIgniter\Boot::bootWeb(Object(Config\Paths))
#13 C:\Users\Hilal Yeşim\Desktop\E-TICARET\system\rewrite.php(44): require_once('C:\\Users\\Hilal ...')
#14 {main}
CRITICAL - 2026-02-21 19:05:39 --> CodeIgniter\Database\Exceptions\DatabaseException: Table 'eticaret_proje.product_stock_logs' doesn't exist
[Method: GET, Route: admin/stock]
in SYSTEMPATH\Database\BaseConnection.php on line 684.
 1 SYSTEMPATH\Database\BaseBuilder.php(1649): CodeIgniter\Database\BaseConnection->query('SELECT DATE(created_at) as d, `new_stock`, `created_at`
FROM `product_stock_logs`
WHERE `product_id` = :product_id:
AND `created_at` >= :created_at:
AND `created_at` <= :created_at.1:
ORDER BY `created_at` ASC', [...], false)
 2 APPPATH\Models\ProductsModel.php(211): CodeIgniter\Database\BaseBuilder->get()
 3 APPPATH\Services\ProductsService.php(180): App\Models\ProductsModel->getStockHistoryDaily('6429064a-dd13-436e-b656-b30ca971d63b', 30)
 4 APPPATH\Controllers\Admin\Stock.php(24): App\Services\ProductsService->getStockHistoryDaily('6429064a-dd13-436e-b656-b30ca971d63b', 30)
 5 SYSTEMPATH\CodeIgniter.php(933): App\Controllers\Admin\Stock->index()
 6 SYSTEMPATH\CodeIgniter.php(507): CodeIgniter\CodeIgniter->runController(Object(App\Controllers\Admin\Stock))
 7 SYSTEMPATH\CodeIgniter.php(354): CodeIgniter\CodeIgniter->handleRequest(null, Object(Config\Cache), false)
 8 SYSTEMPATH\Boot.php(363): CodeIgniter\CodeIgniter->run()
 9 SYSTEMPATH\Boot.php(68): CodeIgniter\Boot::runCodeIgniter(Object(CodeIgniter\CodeIgniter))
10 FCPATH\index.php(59): CodeIgniter\Boot::bootWeb(Object(Config\Paths))
11 SYSTEMPATH\rewrite.php(44): require_once('C:\\Users\\Hilal Yeşim\\Desktop\\E-TICARET\\public\\index.php')
CRITICAL - 2026-02-21 19:05:39 --> [Caused by] CodeIgniter\Database\Exceptions\DatabaseException: Table 'eticaret_proje.product_stock_logs' doesn't exist
in SYSTEMPATH\Database\MySQLi\Connection.php on line 332.
 1 SYSTEMPATH\Database\BaseConnection.php(729): CodeIgniter\Database\MySQLi\Connection->execute('SELECT DATE(created_at) as d, `new_stock`, `created_at`
FROM `product_stock_logs`
WHERE `product_id` = \'6429064a-dd13-436e-b656-b30ca971d63b\'
AND `created_at` >= \'2026-01-23 00:00:00\'
AND `created_at` <= \'2026-02-21 23:59:59\'
ORDER BY `created_at` ASC')
 2 SYSTEMPATH\Database\BaseConnection.php(646): CodeIgniter\Database\BaseConnection->simpleQuery('SELECT DATE(created_at) as d, `new_stock`, `created_at`
FROM `product_stock_logs`
WHERE `product_id` = \'6429064a-dd13-436e-b656-b30ca971d63b\'
AND `created_at` >= \'2026-01-23 00:00:00\'
AND `created_at` <= \'2026-02-21 23:59:59\'
ORDER BY `created_at` ASC')
 3 SYSTEMPATH\Database\BaseBuilder.php(1649): CodeIgniter\Database\BaseConnection->query('SELECT DATE(created_at) as d, `new_stock`, `created_at`
FROM `product_stock_logs`
WHERE `product_id` = :product_id:
AND `created_at` >= :created_at:
AND `created_at` <= :created_at.1:
ORDER BY `created_at` ASC', [...], false)
 4 APPPATH\Models\ProductsModel.php(211): CodeIgniter\Database\BaseBuilder->get()
 5 APPPATH\Services\ProductsService.php(180): App\Models\ProductsModel->getStockHistoryDaily('6429064a-dd13-436e-b656-b30ca971d63b', 30)
 6 APPPATH\Controllers\Admin\Stock.php(24): App\Services\ProductsService->getStockHistoryDaily('6429064a-dd13-436e-b656-b30ca971d63b', 30)
 7 SYSTEMPATH\CodeIgniter.php(933): App\Controllers\Admin\Stock->index()
 8 SYSTEMPATH\CodeIgniter.php(507): CodeIgniter\CodeIgniter->runController(Object(App\Controllers\Admin\Stock))
 9 SYSTEMPATH\CodeIgniter.php(354): CodeIgniter\CodeIgniter->handleRequest(null, Object(Config\Cache), false)
10 SYSTEMPATH\Boot.php(363): CodeIgniter\CodeIgniter->run()
11 SYSTEMPATH\Boot.php(68): CodeIgniter\Boot::runCodeIgniter(Object(CodeIgniter\CodeIgniter))
12 FCPATH\index.php(59): CodeIgniter\Boot::bootWeb(Object(Config\Paths))
13 SYSTEMPATH\rewrite.php(44): require_once('C:\\Users\\Hilal Yeşim\\Desktop\\E-TICARET\\public\\index.php')
CRITICAL - 2026-02-21 19:05:39 --> [Caused by] mysqli_sql_exception: Table 'eticaret_proje.product_stock_logs' doesn't exist
in SYSTEMPATH\Database\MySQLi\Connection.php on line 327.
 1 SYSTEMPATH\Database\MySQLi\Connection.php(327): mysqli->query('SELECT DATE(created_at) as d, `new_stock`, `created_at`
FROM `product_stock_logs`
WHERE `product_id` = \'6429064a-dd13-436e-b656-b30ca971d63b\'
AND `created_at` >= \'2026-01-23 00:00:00\'
AND `created_at` <= \'2026-02-21 23:59:59\'
ORDER BY `created_at` ASC', 0)
 2 SYSTEMPATH\Database\BaseConnection.php(729): CodeIgniter\Database\MySQLi\Connection->execute('SELECT DATE(created_at) as d, `new_stock`, `created_at`
FROM `product_stock_logs`
WHERE `product_id` = \'6429064a-dd13-436e-b656-b30ca971d63b\'
AND `created_at` >= \'2026-01-23 00:00:00\'
AND `created_at` <= \'2026-02-21 23:59:59\'
ORDER BY `created_at` ASC')
 3 SYSTEMPATH\Database\BaseConnection.php(646): CodeIgniter\Database\BaseConnection->simpleQuery('SELECT DATE(created_at) as d, `new_stock`, `created_at`
FROM `product_stock_logs`
WHERE `product_id` = \'6429064a-dd13-436e-b656-b30ca971d63b\'
AND `created_at` >= \'2026-01-23 00:00:00\'
AND `created_at` <= \'2026-02-21 23:59:59\'
ORDER BY `created_at` ASC')
 4 SYSTEMPATH\Database\BaseBuilder.php(1649): CodeIgniter\Database\BaseConnection->query('SELECT DATE(created_at) as d, `new_stock`, `created_at`
FROM `product_stock_logs`
WHERE `product_id` = :product_id:
AND `created_at` >= :created_at:
AND `created_at` <= :created_at.1:
ORDER BY `created_at` ASC', [...], false)
 5 APPPATH\Models\ProductsModel.php(211): CodeIgniter\Database\BaseBuilder->get()
 6 APPPATH\Services\ProductsService.php(180): App\Models\ProductsModel->getStockHistoryDaily('6429064a-dd13-436e-b656-b30ca971d63b', 30)
 7 APPPATH\Controllers\Admin\Stock.php(24): App\Services\ProductsService->getStockHistoryDaily('6429064a-dd13-436e-b656-b30ca971d63b', 30)
 8 SYSTEMPATH\CodeIgniter.php(933): App\Controllers\Admin\Stock->index()
 9 SYSTEMPATH\CodeIgniter.php(507): CodeIgniter\CodeIgniter->runController(Object(App\Controllers\Admin\Stock))
10 SYSTEMPATH\CodeIgniter.php(354): CodeIgniter\CodeIgniter->handleRequest(null, Object(Config\Cache), false)
11 SYSTEMPATH\Boot.php(363): CodeIgniter\CodeIgniter->run()
12 SYSTEMPATH\Boot.php(68): CodeIgniter\Boot::runCodeIgniter(Object(CodeIgniter\CodeIgniter))
13 FCPATH\index.php(59): CodeIgniter\Boot::bootWeb(Object(Config\Paths))
14 SYSTEMPATH\rewrite.php(44): require_once('C:\\Users\\Hilal Yeşim\\Desktop\\E-TICARET\\public\\index.php')
DEBUG - 2026-02-21 19:06:18 --> Session: Class initialized using 'CodeIgniter\Session\Handlers\FileHandler' driver.
DEBUG - 2026-02-21 19:09:10 --> Session: Class initialized using 'CodeIgniter\Session\Handlers\FileHandler' driver.
ERROR - 2026-02-21 19:09:10 --> mysqli_sql_exception: Table 'eticaret_proje.product_stock_logs' doesn't exist in C:\Users\Hilal Yeşim\Desktop\E-TICARET\system\Database\MySQLi\Connection.php:327
Stack trace:
#0 C:\Users\Hilal Yeşim\Desktop\E-TICARET\system\Database\MySQLi\Connection.php(327): mysqli->query('SELECT DATE(cre...', 0)
#1 C:\Users\Hilal Yeşim\Desktop\E-TICARET\system\Database\BaseConnection.php(729): CodeIgniter\Database\MySQLi\Connection->execute('SELECT DATE(cre...')
#2 C:\Users\Hilal Yeşim\Desktop\E-TICARET\system\Database\BaseConnection.php(646): CodeIgniter\Database\BaseConnection->simpleQuery('SELECT DATE(cre...')
#3 C:\Users\Hilal Yeşim\Desktop\E-TICARET\system\Database\BaseBuilder.php(1649): CodeIgniter\Database\BaseConnection->query('SELECT DATE(cre...', Array, false)
#4 C:\Users\Hilal Yeşim\Desktop\E-TICARET\app\Models\ProductsModel.php(211): CodeIgniter\Database\BaseBuilder->get()
#5 C:\Users\Hilal Yeşim\Desktop\E-TICARET\app\Services\ProductsService.php(180): App\Models\ProductsModel->getStockHistoryDaily('6e374aa0-3654-4...', 30)
#6 C:\Users\Hilal Yeşim\Desktop\E-TICARET\app\Controllers\Admin\Stock.php(24): App\Services\ProductsService->getStockHistoryDaily('6e374aa0-3654-4...', 30)
#7 C:\Users\Hilal Yeşim\Desktop\E-TICARET\system\CodeIgniter.php(933): App\Controllers\Admin\Stock->index()
#8 C:\Users\Hilal Yeşim\Desktop\E-TICARET\system\CodeIgniter.php(507): CodeIgniter\CodeIgniter->runController(Object(App\Controllers\Admin\Stock))
#9 C:\Users\Hilal Yeşim\Desktop\E-TICARET\system\CodeIgniter.php(354): CodeIgniter\CodeIgniter->handleRequest(NULL, Object(Config\Cache), false)
#10 C:\Users\Hilal Yeşim\Desktop\E-TICARET\system\Boot.php(363): CodeIgniter\CodeIgniter->run()
#11 C:\Users\Hilal Yeşim\Desktop\E-TICARET\system\Boot.php(68): CodeIgniter\Boot::runCodeIgniter(Object(CodeIgniter\CodeIgniter))
#12 C:\Users\Hilal Yeşim\Desktop\E-TICARET\public\index.php(59): CodeIgniter\Boot::bootWeb(Object(Config\Paths))
#13 C:\Users\Hilal Yeşim\Desktop\E-TICARET\system\rewrite.php(44): require_once('C:\\Users\\Hilal ...')
#14 {main}
CRITICAL - 2026-02-21 19:09:10 --> CodeIgniter\Database\Exceptions\DatabaseException: Table 'eticaret_proje.product_stock_logs' doesn't exist
[Method: GET, Route: admin/stock]
in SYSTEMPATH\Database\BaseConnection.php on line 684.
 1 SYSTEMPATH\Database\BaseBuilder.php(1649): CodeIgniter\Database\BaseConnection->query('SELECT DATE(created_at) as d, `new_stock`, `created_at`
FROM `product_stock_logs`
WHERE `product_id` = :product_id:
AND `created_at` >= :created_at:
AND `created_at` <= :created_at.1:
ORDER BY `created_at` ASC', [...], false)
 2 APPPATH\Models\ProductsModel.php(211): CodeIgniter\Database\BaseBuilder->get()
 3 APPPATH\Services\ProductsService.php(180): App\Models\ProductsModel->getStockHistoryDaily('6e374aa0-3654-4a3f-b325-4fbfefc812f6', 30)
 4 APPPATH\Controllers\Admin\Stock.php(24): App\Services\ProductsService->getStockHistoryDaily('6e374aa0-3654-4a3f-b325-4fbfefc812f6', 30)
 5 SYSTEMPATH\CodeIgniter.php(933): App\Controllers\Admin\Stock->index()
 6 SYSTEMPATH\CodeIgniter.php(507): CodeIgniter\CodeIgniter->runController(Object(App\Controllers\Admin\Stock))
 7 SYSTEMPATH\CodeIgniter.php(354): CodeIgniter\CodeIgniter->handleRequest(null, Object(Config\Cache), false)
 8 SYSTEMPATH\Boot.php(363): CodeIgniter\CodeIgniter->run()
 9 SYSTEMPATH\Boot.php(68): CodeIgniter\Boot::runCodeIgniter(Object(CodeIgniter\CodeIgniter))
10 FCPATH\index.php(59): CodeIgniter\Boot::bootWeb(Object(Config\Paths))
11 SYSTEMPATH\rewrite.php(44): require_once('C:\\Users\\Hilal Yeşim\\Desktop\\E-TICARET\\public\\index.php')
CRITICAL - 2026-02-21 19:09:10 --> [Caused by] CodeIgniter\Database\Exceptions\DatabaseException: Table 'eticaret_proje.product_stock_logs' doesn't exist
in SYSTEMPATH\Database\MySQLi\Connection.php on line 332.
 1 SYSTEMPATH\Database\BaseConnection.php(729): CodeIgniter\Database\MySQLi\Connection->execute('SELECT DATE(created_at) as d, `new_stock`, `created_at`
FROM `product_stock_logs`
WHERE `product_id` = \'6e374aa0-3654-4a3f-b325-4fbfefc812f6\'
AND `created_at` >= \'2026-01-23 00:00:00\'
AND `created_at` <= \'2026-02-21 23:59:59\'
ORDER BY `created_at` ASC')
 2 SYSTEMPATH\Database\BaseConnection.php(646): CodeIgniter\Database\BaseConnection->simpleQuery('SELECT DATE(created_at) as d, `new_stock`, `created_at`
FROM `product_stock_logs`
WHERE `product_id` = \'6e374aa0-3654-4a3f-b325-4fbfefc812f6\'
AND `created_at` >= \'2026-01-23 00:00:00\'
AND `created_at` <= \'2026-02-21 23:59:59\'
ORDER BY `created_at` ASC')
 3 SYSTEMPATH\Database\BaseBuilder.php(1649): CodeIgniter\Database\BaseConnection->query('SELECT DATE(created_at) as d, `new_stock`, `created_at`
FROM `product_stock_logs`
WHERE `product_id` = :product_id:
AND `created_at` >= :created_at:
AND `created_at` <= :created_at.1:
ORDER BY `created_at` ASC', [...], false)
 4 APPPATH\Models\ProductsModel.php(211): CodeIgniter\Database\BaseBuilder->get()
 5 APPPATH\Services\ProductsService.php(180): App\Models\ProductsModel->getStockHistoryDaily('6e374aa0-3654-4a3f-b325-4fbfefc812f6', 30)
 6 APPPATH\Controllers\Admin\Stock.php(24): App\Services\ProductsService->getStockHistoryDaily('6e374aa0-3654-4a3f-b325-4fbfefc812f6', 30)
 7 SYSTEMPATH\CodeIgniter.php(933): App\Controllers\Admin\Stock->index()
 8 SYSTEMPATH\CodeIgniter.php(507): CodeIgniter\CodeIgniter->runController(Object(App\Controllers\Admin\Stock))
 9 SYSTEMPATH\CodeIgniter.php(354): CodeIgniter\CodeIgniter->handleRequest(null, Object(Config\Cache), false)
10 SYSTEMPATH\Boot.php(363): CodeIgniter\CodeIgniter->run()
11 SYSTEMPATH\Boot.php(68): CodeIgniter\Boot::runCodeIgniter(Object(CodeIgniter\CodeIgniter))
12 FCPATH\index.php(59): CodeIgniter\Boot::bootWeb(Object(Config\Paths))
13 SYSTEMPATH\rewrite.php(44): require_once('C:\\Users\\Hilal Yeşim\\Desktop\\E-TICARET\\public\\index.php')
CRITICAL - 2026-02-21 19:09:10 --> [Caused by] mysqli_sql_exception: Table 'eticaret_proje.product_stock_logs' doesn't exist
in SYSTEMPATH\Database\MySQLi\Connection.php on line 327.
 1 SYSTEMPATH\Database\MySQLi\Connection.php(327): mysqli->query('SELECT DATE(created_at) as d, `new_stock`, `created_at`
FROM `product_stock_logs`
WHERE `product_id` = \'6e374aa0-3654-4a3f-b325-4fbfefc812f6\'
AND `created_at` >= \'2026-01-23 00:00:00\'
AND `created_at` <= \'2026-02-21 23:59:59\'
ORDER BY `created_at` ASC', 0)
 2 SYSTEMPATH\Database\BaseConnection.php(729): CodeIgniter\Database\MySQLi\Connection->execute('SELECT DATE(created_at) as d, `new_stock`, `created_at`
FROM `product_stock_logs`
WHERE `product_id` = \'6e374aa0-3654-4a3f-b325-4fbfefc812f6\'
AND `created_at` >= \'2026-01-23 00:00:00\'
AND `created_at` <= \'2026-02-21 23:59:59\'
ORDER BY `created_at` ASC')
 3 SYSTEMPATH\Database\BaseConnection.php(646): CodeIgniter\Database\BaseConnection->simpleQuery('SELECT DATE(created_at) as d, `new_stock`, `created_at`
FROM `product_stock_logs`
WHERE `product_id` = \'6e374aa0-3654-4a3f-b325-4fbfefc812f6\'
AND `created_at` >= \'2026-01-23 00:00:00\'
AND `created_at` <= \'2026-02-21 23:59:59\'
ORDER BY `created_at` ASC')
 4 SYSTEMPATH\Database\BaseBuilder.php(1649): CodeIgniter\Database\BaseConnection->query('SELECT DATE(created_at) as d, `new_stock`, `created_at`
FROM `product_stock_logs`
WHERE `product_id` = :product_id:
AND `created_at` >= :created_at:
AND `created_at` <= :created_at.1:
ORDER BY `created_at` ASC', [...], false)
 5 APPPATH\Models\ProductsModel.php(211): CodeIgniter\Database\BaseBuilder->get()
 6 APPPATH\Services\ProductsService.php(180): App\Models\ProductsModel->getStockHistoryDaily('6e374aa0-3654-4a3f-b325-4fbfefc812f6', 30)
 7 APPPATH\Controllers\Admin\Stock.php(24): App\Services\ProductsService->getStockHistoryDaily('6e374aa0-3654-4a3f-b325-4fbfefc812f6', 30)
 8 SYSTEMPATH\CodeIgniter.php(933): App\Controllers\Admin\Stock->index()
 9 SYSTEMPATH\CodeIgniter.php(507): CodeIgniter\CodeIgniter->runController(Object(App\Controllers\Admin\Stock))
10 SYSTEMPATH\CodeIgniter.php(354): CodeIgniter\CodeIgniter->handleRequest(null, Object(Config\Cache), false)
11 SYSTEMPATH\Boot.php(363): CodeIgniter\CodeIgniter->run()
12 SYSTEMPATH\Boot.php(68): CodeIgniter\Boot::runCodeIgniter(Object(CodeIgniter\CodeIgniter))
13 FCPATH\index.php(59): CodeIgniter\Boot::bootWeb(Object(Config\Paths))
14 SYSTEMPATH\rewrite.php(44): require_once('C:\\Users\\Hilal Yeşim\\Desktop\\E-TICARET\\public\\index.php')
DEBUG - 2026-02-21 19:15:44 --> Session: Class initialized using 'CodeIgniter\Session\Handlers\FileHandler' driver.
DEBUG - 2026-02-21 19:15:55 --> Session: Class initialized using 'CodeIgniter\Session\Handlers\FileHandler' driver.
DEBUG - 2026-02-21 19:15:55 --> Session: Class initialized using 'CodeIgniter\Session\Handlers\FileHandler' driver.
DEBUG - 2026-02-21 19:16:02 --> Session: Class initialized using 'CodeIgniter\Session\Handlers\FileHandler' driver.
DEBUG - 2026-02-21 19:16:02 --> Session: Class initialized using 'CodeIgniter\Session\Handlers\FileHandler' driver.
DEBUG - 2026-02-21 19:16:16 --> Session: Class initialized using 'CodeIgniter\Session\Handlers\FileHandler' driver.
DEBUG - 2026-02-21 19:16:46 --> Session: Class initialized using 'CodeIgniter\Session\Handlers\FileHandler' driver.
DEBUG - 2026-02-21 19:16:46 --> Session: Class initialized using 'CodeIgniter\Session\Handlers\FileHandler' driver.
DEBUG - 2026-02-21 19:16:48 --> Session: Class initialized using 'CodeIgniter\Session\Handlers\FileHandler' driver.
DEBUG - 2026-02-21 19:16:54 --> Session: Class initialized using 'CodeIgniter\Session\Handlers\FileHandler' driver.
DEBUG - 2026-02-21 19:16:54 --> Session: Class initialized using 'CodeIgniter\Session\Handlers\FileHandler' driver.
DEBUG - 2026-02-21 19:17:00 --> Session: Class initialized using 'CodeIgniter\Session\Handlers\FileHandler' driver.
DEBUG - 2026-02-21 19:19:32 --> Session: Class initialized using 'CodeIgniter\Session\Handlers\FileHandler' driver.
DEBUG - 2026-02-21 19:19:38 --> Session: Class initialized using 'CodeIgniter\Session\Handlers\FileHandler' driver.
DEBUG - 2026-02-21 19:19:42 --> Session: Class initialized using 'CodeIgniter\Session\Handlers\FileHandler' driver.
ERROR - 2026-02-21 19:19:55 --> mysqli_sql_exception: Duplicate entry '' for key 'PRIMARY' in C:\Users\Hilal Yeşim\Desktop\E-TICARET\system\Database\MySQLi\Connection.php:327
Stack trace:
#0 C:\Users\Hilal Yeşim\Desktop\E-TICARET\system\Database\MySQLi\Connection.php(327): mysqli->query('INSERT INTO `ca...', 0)
#1 C:\Users\Hilal Yeşim\Desktop\E-TICARET\system\Database\BaseConnection.php(729): CodeIgniter\Database\MySQLi\Connection->execute('INSERT INTO `ca...')
#2 C:\Users\Hilal Yeşim\Desktop\E-TICARET\system\Database\BaseConnection.php(646): CodeIgniter\Database\BaseConnection->simpleQuery('INSERT INTO `ca...')
#3 C:\Users\Hilal Yeşim\Desktop\E-TICARET\system\Database\BaseBuilder.php(2345): CodeIgniter\Database\BaseConnection->query('INSERT INTO `ca...', Array, false)
#4 C:\Users\Hilal Yeşim\Desktop\E-TICARET\app\Database\Seeds\CategorySeeder.php(29): CodeIgniter\Database\BaseBuilder->insert(Array)
#5 C:\Users\Hilal Yeşim\Desktop\E-TICARET\system\Database\Seeder.php(149): App\Database\Seeds\CategorySeeder->run()
#6 C:\Users\Hilal Yeşim\Desktop\E-TICARET\system\Commands\Database\Seed.php(79): CodeIgniter\Database\Seeder->call('App\\Database\\Se...')
#7 C:\Users\Hilal Yeşim\Desktop\E-TICARET\system\CLI\Commands.php(74): CodeIgniter\Commands\Database\Seed->run(Array)
#8 C:\Users\Hilal Yeşim\Desktop\E-TICARET\system\CLI\Console.php(47): CodeIgniter\CLI\Commands->run('db:seed', Array)
#9 C:\Users\Hilal Yeşim\Desktop\E-TICARET\system\Boot.php(388): CodeIgniter\CLI\Console->run()
#10 C:\Users\Hilal Yeşim\Desktop\E-TICARET\system\Boot.php(133): CodeIgniter\Boot::runCommand(Object(CodeIgniter\CLI\Console))
#11 C:\Users\Hilal Yeşim\Desktop\E-TICARET\spark(87): CodeIgniter\Boot::bootSpark(Object(Config\Paths))
#12 {main}
ERROR - 2026-02-21 19:20:18 --> mysqli_sql_exception: Duplicate entry '' for key 'PRIMARY' in C:\Users\Hilal Yeşim\Desktop\E-TICARET\system\Database\MySQLi\Connection.php:327
Stack trace:
#0 C:\Users\Hilal Yeşim\Desktop\E-TICARET\system\Database\MySQLi\Connection.php(327): mysqli->query('INSERT INTO `ca...', 0)
#1 C:\Users\Hilal Yeşim\Desktop\E-TICARET\system\Database\BaseConnection.php(729): CodeIgniter\Database\MySQLi\Connection->execute('INSERT INTO `ca...')
#2 C:\Users\Hilal Yeşim\Desktop\E-TICARET\system\Database\BaseConnection.php(646): CodeIgniter\Database\BaseConnection->simpleQuery('INSERT INTO `ca...')
#3 C:\Users\Hilal Yeşim\Desktop\E-TICARET\system\Database\BaseBuilder.php(2345): CodeIgniter\Database\BaseConnection->query('INSERT INTO `ca...', Array, false)
#4 C:\Users\Hilal Yeşim\Desktop\E-TICARET\app\Database\Seeds\CategorySeeder.php(29): CodeIgniter\Database\BaseBuilder->insert(Array)
#5 C:\Users\Hilal Yeşim\Desktop\E-TICARET\system\Database\Seeder.php(149): App\Database\Seeds\CategorySeeder->run()
#6 C:\Users\Hilal Yeşim\Desktop\E-TICARET\system\Commands\Database\Seed.php(79): CodeIgniter\Database\Seeder->call('App\\Database\\Se...')
#7 C:\Users\Hilal Yeşim\Desktop\E-TICARET\system\CLI\Commands.php(74): CodeIgniter\Commands\Database\Seed->run(Array)
#8 C:\Users\Hilal Yeşim\Desktop\E-TICARET\system\CLI\Console.php(47): CodeIgniter\CLI\Commands->run('db:seed', Array)
#9 C:\Users\Hilal Yeşim\Desktop\E-TICARET\system\Boot.php(388): CodeIgniter\CLI\Console->run()
#10 C:\Users\Hilal Yeşim\Desktop\E-TICARET\system\Boot.php(133): CodeIgniter\Boot::runCommand(Object(CodeIgniter\CLI\Console))
#11 C:\Users\Hilal Yeşim\Desktop\E-TICARET\spark(87): CodeIgniter\Boot::bootSpark(Object(Config\Paths))
#12 {main}
DEBUG - 2026-02-21 19:29:11 --> Session: Class initialized using 'CodeIgniter\Session\Handlers\FileHandler' driver.
DEBUG - 2026-02-21 19:29:19 --> Session: Class initialized using 'CodeIgniter\Session\Handlers\FileHandler' driver.
DEBUG - 2026-02-21 19:30:15 --> Session: Class initialized using 'CodeIgniter\Session\Handlers\FileHandler' driver.
DEBUG - 2026-02-21 19:30:15 --> Session: Class initialized using 'CodeIgniter\Session\Handlers\FileHandler' driver.
DEBUG - 2026-02-21 19:30:18 --> Session: Class initialized using 'CodeIgniter\Session\Handlers\FileHandler' driver.
DEBUG - 2026-02-21 19:30:28 --> Session: Class initialized using 'CodeIgniter\Session\Handlers\FileHandler' driver.
DEBUG - 2026-02-21 19:30:37 --> Session: Class initialized using 'CodeIgniter\Session\Handlers\FileHandler' driver.
DEBUG - 2026-02-21 19:44:53 --> Session: Class initialized using 'CodeIgniter\Session\Handlers\FileHandler' driver.
DEBUG - 2026-02-21 19:44:58 --> Session: Class initialized using 'CodeIgniter\Session\Handlers\FileHandler' driver.
DEBUG - 2026-02-21 19:45:16 --> Session: Class initialized using 'CodeIgniter\Session\Handlers\FileHandler' driver.
DEBUG - 2026-02-21 19:47:15 --> Session: Class initialized using 'CodeIgniter\Session\Handlers\FileHandler' driver.
DEBUG - 2026-02-21 19:48:58 --> Session: Class initialized using 'CodeIgniter\Session\Handlers\FileHandler' driver.
DEBUG - 2026-02-21 19:49:00 --> Session: Class initialized using 'CodeIgniter\Session\Handlers\FileHandler' driver.
DEBUG - 2026-02-21 19:49:10 --> Session: Class initialized using 'CodeIgniter\Session\Handlers\FileHandler' driver.
DEBUG - 2026-02-21 19:49:10 --> Session: Class initialized using 'CodeIgniter\Session\Handlers\FileHandler' driver.
DEBUG - 2026-02-21 19:52:49 --> Session: Class initialized using 'CodeIgniter\Session\Handlers\FileHandler' driver.
